<?xml version="1.0" encoding="UTF-8" ?>
<testsuite tests="2" failures="1" name="testRunners.TestRunner" time="33.689" errors="0" skipped="0">
  <properties>
    <property name="java.runtime.name" value="Java(TM) SE Runtime Environment"/>
    <property name="sun.boot.library.path" value="C:\Program Files\Java\jdk1.8.0_121\jre\bin"/>
    <property name="java.vm.version" value="25.121-b13"/>
    <property name="java.vm.vendor" value="Oracle Corporation"/>
    <property name="maven.multiModuleProjectDirectory" value="D:\Abhishek\Selenium\BDDLearning\BDDLearning"/>
    <property name="java.vendor.url" value="http://java.oracle.com/"/>
    <property name="path.separator" value=";"/>
    <property name="guice.disable.misplaced.annotation.check" value="true"/>
    <property name="java.vm.name" value="Java HotSpot(TM) 64-Bit Server VM"/>
    <property name="file.encoding.pkg" value="sun.io"/>
    <property name="user.script" value=""/>
    <property name="user.country" value="US"/>
    <property name="sun.java.launcher" value="SUN_STANDARD"/>
    <property name="sun.os.patch.level" value=""/>
    <property name="java.vm.specification.name" value="Java Virtual Machine Specification"/>
    <property name="user.dir" value="D:\Abhishek\Selenium\BDDLearning\BDDLearning"/>
    <property name="java.runtime.version" value="1.8.0_121-b13"/>
    <property name="java.awt.graphicsenv" value="sun.awt.Win32GraphicsEnvironment"/>
    <property name="java.endorsed.dirs" value="C:\Program Files\Java\jdk1.8.0_121\jre\lib\endorsed"/>
    <property name="os.arch" value="amd64"/>
    <property name="java.io.tmpdir" value="C:\Users\a\AppData\Local\Temp\"/>
    <property name="line.separator" value="
"/>
    <property name="java.vm.specification.vendor" value="Oracle Corporation"/>
    <property name="user.variant" value=""/>
    <property name="os.name" value="Windows 10"/>
    <property name="classworlds.conf" value="D:\Abhishek\Maven\apache-maven-3.6.3\bin\..\bin\m2.conf"/>
    <property name="sun.jnu.encoding" value="Cp1252"/>
    <property name="java.library.path" value="C:\Program Files\Java\jdk1.8.0_121\bin;C:\WINDOWS\Sun\Java\bin;C:\WINDOWS\system32;C:\WINDOWS;C:\ProgramData\Oracle\Java\javapath;C:\WINDOWS\system32;C:\WINDOWS;C:\WINDOWS\System32\Wbem;C:\WINDOWS\System32\WindowsPowerShell\v1.0\;C:\Program Files\ThinkPad\Bluetooth Software\;C:\Program Files\ThinkPad\Bluetooth Software\syswow64;C:\Program Files\Java\jdk1.8.0_121\bin;C:\WINDOWS\System32\OpenSSH\;C:\Program Files\nodejs\;C:\Program Files (x86)\Sennheiser\SoftphoneSDK\;C:\Program Files\Git\cmd;D:\Abhishek\Maven\apache-maven-3.6.3\bin;C:\Users\a\AppData\Local\Microsoft\WindowsApps;C:\Users\a\AppData\Roaming\npm;C:\Users\a\AppData\Local\Programs\Microsoft VS Code\bin;;."/>
    <property name="maven.conf" value="D:\Abhishek\Maven\apache-maven-3.6.3\bin\../conf"/>
    <property name="java.specification.name" value="Java Platform API Specification"/>
    <property name="java.class.version" value="52.0"/>
    <property name="sun.management.compiler" value="HotSpot 64-Bit Tiered Compilers"/>
    <property name="os.version" value="10.0"/>
    <property name="library.jansi.path" value="D:\Abhishek\Maven\apache-maven-3.6.3\bin\..\lib\jansi-native"/>
    <property name="user.home" value="C:\Users\a"/>
    <property name="user.timezone" value="Asia/Calcutta"/>
    <property name="java.awt.printerjob" value="sun.awt.windows.WPrinterJob"/>
    <property name="java.specification.version" value="1.8"/>
    <property name="file.encoding" value="Cp1252"/>
    <property name="user.name" value="a"/>
    <property name="java.class.path" value="D:\Abhishek\Maven\apache-maven-3.6.3\bin\..\boot\plexus-classworlds-2.6.0.jar"/>
    <property name="java.vm.specification.version" value="1.8"/>
    <property name="sun.arch.data.model" value="64"/>
    <property name="java.home" value="C:\Program Files\Java\jdk1.8.0_121\jre"/>
    <property name="sun.java.command" value="org.codehaus.plexus.classworlds.launcher.Launcher clean install"/>
    <property name="java.specification.vendor" value="Oracle Corporation"/>
    <property name="user.language" value="en"/>
    <property name="awt.toolkit" value="sun.awt.windows.WToolkit"/>
    <property name="java.vm.info" value="mixed mode"/>
    <property name="java.version" value="1.8.0_121"/>
    <property name="java.ext.dirs" value="C:\Program Files\Java\jdk1.8.0_121\jre\lib\ext;C:\WINDOWS\Sun\Java\lib\ext"/>
    <property name="sun.boot.class.path" value="C:\Program Files\Java\jdk1.8.0_121\jre\lib\resources.jar;C:\Program Files\Java\jdk1.8.0_121\jre\lib\rt.jar;C:\Program Files\Java\jdk1.8.0_121\jre\lib\sunrsasign.jar;C:\Program Files\Java\jdk1.8.0_121\jre\lib\jsse.jar;C:\Program Files\Java\jdk1.8.0_121\jre\lib\jce.jar;C:\Program Files\Java\jdk1.8.0_121\jre\lib\charsets.jar;C:\Program Files\Java\jdk1.8.0_121\jre\lib\jfr.jar;C:\Program Files\Java\jdk1.8.0_121\jre\classes"/>
    <property name="sun.stderr.encoding" value="cp437"/>
    <property name="java.vendor" value="Oracle Corporation"/>
    <property name="maven.home" value="D:\Abhishek\Maven\apache-maven-3.6.3\bin\.."/>
    <property name="file.separator" value="\"/>
    <property name="java.vendor.url.bug" value="http://bugreport.sun.com/bugreport/"/>
    <property name="sun.cpu.endian" value="little"/>
    <property name="sun.io.unicode.encoding" value="UnicodeLittle"/>
    <property name="sun.stdout.encoding" value="cp437"/>
    <property name="sun.desktop" value="windows"/>
    <property name="sun.cpu.isalist" value="amd64"/>
  </properties>
  <testcase classname="Google Homepage" name="Luanch Home Page" time="19.949">
    <failure message="
The following assertion failed:
1) 
Expecting:
 &lt;&quot;Collaboration software | Slack&quot;&gt;
to be equal to:
 &lt;&quot;Features | Slack&quot;&gt;
ignoring case considerations
at HomePage.user_should_navigate_to_product_page(HomePage.java:52)
" type="org.assertj.core.api.SoftAssertionError">org.assertj.core.api.SoftAssertionError: 
The following assertion failed:
1) 
Expecting:
 &lt;&quot;Collaboration software | Slack&quot;&gt;
to be equal to:
 &lt;&quot;Features | Slack&quot;&gt;
ignoring case considerations
at HomePage.user_should_navigate_to_product_page(HomePage.java:52)

	at org.assertj.core.api.SoftAssertions.assertAll(SoftAssertions.java:158)
	at stepDefinitions.HomePage.user_should_navigate_to_product_page(HomePage.java:53)
	at âœ½.User should navigate to product page(src/test/Features/HomePage.feature:9)
</failure>
    <system-out>Feature: Google Homepage
This feature verifies the functionality on Google Homepage

  @Smoke
  Scenario: Luanch Home Page                                       # src/test/Features/HomePage.feature:5
    When User enter valid URL &quot;https://worldpayproduct.slack.com/&quot; # HomePage.user_enter_valid_URL(String)
Slack
    Then Homepage should be launched as default page               # HomePage.homepage_should_be_launched_as_default_page()
    When user click on Product Link                                # HomePage.user_click_on_Product_Link()
Collaboration software | Slack
    Then User should navigate to product page                      # HomePage.user_should_navigate_to_product_page()
      org.assertj.core.api.SoftAssertionError: 
The following assertion failed:
1) 
Expecting:
 &lt;&quot;Collaboration software | Slack&quot;&gt;
to be equal to:
 &lt;&quot;Features | Slack&quot;&gt;
ignoring case considerations
at HomePage.user_should_navigate_to_product_page(HomePage.java:52)

	at org.assertj.core.api.SoftAssertions.assertAll(SoftAssertions.java:158)
	at stepDefinitions.HomePage.user_should_navigate_to_product_page(HomePage.java:53)
	at ?.User should navigate to product page(src/test/Features/HomePage.feature:9)

</system-out>
    <system-err>SLF4J: Failed to load class &quot;org.slf4j.impl.StaticLoggerBinder&quot;.
SLF4J: Defaulting to no-operation (NOP) logger implementation
SLF4J: See http://www.slf4j.org/codes.html#StaticLoggerBinder for further details.
Apr 17, 2020 6:00:11 PM java.util.prefs.WindowsPreferences &lt;init&gt;
WARNING: Could not open/create prefs root node Software\JavaSoft\Prefs at root 0x80000002. Windows RegCreateKeyEx(...) returned error code 5.
Starting ChromeDriver 80.0.3987.106 (f68069574609230cf9b635cd784cfb1bf81bb53a-refs/branch-heads/3987@{#882}) on port 34837
Only local connections are allowed.
Please protect ports used by ChromeDriver and related test frameworks to prevent access by malicious code.
[1587126614.038][WARNING]: This version of ChromeDriver has not been tested with Chrome version 81.
[1587126616.043][WARNING]: Timed out connecting to Chrome, retrying...
Apr 17, 2020 6:00:18 PM org.openqa.selenium.remote.ProtocolHandshake createSession
INFO: Detected dialect: W3C
[1587126620.156][WARNING]: Timed out connecting to Chrome, retrying...
[1587126623.576][SEVERE]: Timed out receiving message from renderer: 0.100
[1587126623.677][SEVERE]: Timed out receiving message from renderer: 0.100
[1587126623.781][SEVERE]: Timed out receiving message from renderer: 0.100
[1587126623.924][SEVERE]: Timed out receiving message from renderer: 0.100
[1587126624.176][SEVERE]: Timed out receiving message from renderer: 0.100
[1587126624.279][SEVERE]: Timed out receiving message from renderer: 0.100
[1587126624.380][SEVERE]: Timed out receiving message from renderer: 0.100
[1587126624.482][SEVERE]: Timed out receiving message from renderer: 0.100
[1587126624.585][SEVERE]: Timed out receiving message from renderer: 0.100
[1587126624.687][SEVERE]: Timed out receiving message from renderer: 0.100
[1587126624.792][SEVERE]: Timed out receiving message from renderer: 0.100
[1587126624.894][SEVERE]: Timed out receiving message from renderer: 0.100
[1587126625.003][SEVERE]: Timed out receiving message from renderer: 0.100
[1587126625.108][SEVERE]: Timed out receiving message from renderer: 0.100
[1587126625.213][SEVERE]: Timed out receiving message from renderer: 0.100
[1587126625.315][SEVERE]: Timed out receiving message from renderer: 0.100
[1587126625.417][SEVERE]: Timed out receiving message from renderer: 0.100
[1587126625.524][SEVERE]: Timed out receiving message from renderer: 0.100
[1587126625.628][SEVERE]: Timed out receiving message from renderer: 0.100
[1587126626.140][SEVERE]: Timed out receiving message from renderer: 0.100
[1587126626.242][SEVERE]: Timed out receiving message from renderer: 0.100
[1587126626.343][SEVERE]: Timed out receiving message from renderer: 0.100
[1587126626.444][SEVERE]: Timed out receiving message from renderer: 0.100
[1587126628.446][SEVERE]: Timed out receiving message from renderer: 0.100
[1587126628.547][SEVERE]: Timed out receiving message from renderer: 0.100
[1587126628.648][SEVERE]: Timed out receiving message from renderer: 0.100
[1587126628.751][SEVERE]: Timed out receiving message from renderer: 0.100
[1587126628.853][SEVERE]: Timed out receiving message from renderer: 0.100
[1587126628.955][SEVERE]: Timed out receiving message from renderer: 0.100
[1587126629.064][SEVERE]: Timed out receiving message from renderer: 0.100
[1587126629.310][SEVERE]: Timed out receiving message from renderer: 0.100
[1587126629.620][SEVERE]: Timed out receiving message from renderer: 0.100
[1587126629.744][SEVERE]: Timed out receiving message from renderer: 0.100
[1587126629.847][SEVERE]: Timed out receiving message from renderer: 0.100
[1587126630.057][SEVERE]: Timed out receiving message from renderer: 0.100
[1587126630.158][SEVERE]: Timed out receiving message from renderer: 0.100
[1587126630.260][SEVERE]: Timed out receiving message from renderer: 0.100
[1587126630.571][SEVERE]: Timed out receiving message from renderer: 0.100
[1587126630.701][SEVERE]: Timed out receiving message from renderer: 0.100
[1587126630.803][SEVERE]: Timed out receiving message from renderer: 0.100
[1587126630.957][SEVERE]: Timed out receiving message from renderer: 0.100
[1587126631.059][SEVERE]: Timed out receiving message from renderer: 0.100
[1587126631.465][SEVERE]: Timed out receiving message from renderer: 0.100
[1587126631.567][SEVERE]: Timed out receiving message from renderer: 0.100
[1587126631.670][SEVERE]: Timed out receiving message from renderer: 0.100
[1587126632.071][SEVERE]: Timed out receiving message from renderer: 0.100
[1587126632.237][SEVERE]: Timed out receiving message from renderer: 0.100
[1587126632.338][SEVERE]: Timed out receiving message from renderer: 0.100
[1587126632.442][SEVERE]: Timed out receiving message from renderer: 0.100
[1587126632.565][SEVERE]: Timed out receiving message from renderer: 0.100
[1587126632.667][SEVERE]: Timed out receiving message from renderer: 0.100
[1587126632.768][SEVERE]: Timed out receiving message from renderer: 0.100
[1587126632.926][SEVERE]: Timed out receiving message from renderer: 0.100
[1587126633.057][SEVERE]: Timed out receiving message from renderer: 0.100
[1587126633.160][SEVERE]: Timed out receiving message from renderer: 0.100
[1587126633.262][SEVERE]: Timed out receiving message from renderer: 0.100
[1587126633.462][SEVERE]: Timed out receiving message from renderer: 0.100
[1587126633.677][SEVERE]: Timed out receiving message from renderer: 0.100
[1587126633.778][SEVERE]: Timed out receiving message from renderer: 0.100
[1587126633.887][SEVERE]: Timed out receiving message from renderer: 0.100
[1587126633.988][SEVERE]: Timed out receiving message from renderer: 0.100
[1587126634.090][SEVERE]: Timed out receiving message from renderer: 0.100
[1587126634.193][SEVERE]: Timed out receiving message from renderer: 0.100
[1587126634.294][SEVERE]: Timed out receiving message from renderer: 0.100
[1587126634.398][SEVERE]: Timed out receiving message from renderer: 0.100
[1587126634.538][SEVERE]: Timed out receiving message from renderer: 0.100
[1587126634.640][SEVERE]: Timed out receiving message from renderer: 0.100
[1587126634.743][SEVERE]: Timed out receiving message from renderer: 0.100
[1587126634.845][SEVERE]: Timed out receiving message from renderer: 0.100
[1587126635.014][SEVERE]: Timed out receiving message from renderer: 0.100
[1587126635.116][SEVERE]: Timed out receiving message from renderer: 0.100
[1587126635.218][SEVERE]: Timed out receiving message from renderer: 0.100
[1587126635.324][SEVERE]: Timed out receiving message from renderer: 0.100
[1587126635.426][SEVERE]: Timed out receiving message from renderer: 0.100
[1587126635.527][SEVERE]: Timed out receiving message from renderer: 0.100
[1587126635.631][SEVERE]: Timed out receiving message from renderer: 0.100
[1587126635.733][SEVERE]: Timed out receiving message from renderer: 0.100
[1587126635.834][SEVERE]: Timed out receiving message from renderer: 0.100
[1587126635.937][SEVERE]: Timed out receiving message from renderer: 0.100
[1587126636.040][SEVERE]: Timed out receiving message from renderer: 0.100
[1587126636.221][SEVERE]: Timed out receiving message from renderer: 0.100
[1587126636.327][SEVERE]: Timed out receiving message from renderer: 0.100
[1587126636.429][SEVERE]: Timed out receiving message from renderer: 0.100
[1587126636.532][SEVERE]: Timed out receiving message from renderer: 0.100
[1587126636.638][SEVERE]: Timed out receiving message from renderer: 0.100
[1587126636.744][SEVERE]: Timed out receiving message from renderer: 0.100
[1587126636.848][SEVERE]: Timed out receiving message from renderer: 0.100
[1587126636.954][SEVERE]: Timed out receiving message from renderer: 0.100
[1587126637.061][SEVERE]: Timed out receiving message from renderer: 0.100
[1587126637.166][SEVERE]: Timed out receiving message from renderer: 0.100
[1587126637.273][SEVERE]: Timed out receiving message from renderer: 0.100
[1587126637.379][SEVERE]: Timed out receiving message from renderer: 0.100
[1587126637.485][SEVERE]: Timed out receiving message from renderer: 0.100
[1587126637.586][SEVERE]: Timed out receiving message from renderer: 0.100
[1587126637.690][SEVERE]: Timed out receiving message from renderer: 0.100
[1587126637.796][SEVERE]: Timed out receiving message from renderer: 0.100
[1587126637.902][SEVERE]: Timed out receiving message from renderer: 0.100
[1587126638.007][SEVERE]: Timed out receiving message from renderer: 0.100
[1587126638.114][SEVERE]: Timed out receiving message from renderer: 0.100
[1587126638.224][SEVERE]: Timed out receiving message from renderer: 0.100
[1587126638.326][SEVERE]: Timed out receiving message from renderer: 0.100
[1587126638.429][SEVERE]: Timed out receiving message from renderer: 0.100
[1587126638.532][SEVERE]: Timed out receiving message from renderer: 0.100
[1587126638.636][SEVERE]: Timed out receiving message from renderer: 0.100
[1587126638.738][SEVERE]: Timed out receiving message from renderer: 0.100
[1587126638.846][SEVERE]: Timed out receiving message from renderer: 0.100
[1587126638.948][SEVERE]: Timed out receiving message from renderer: 0.100
[1587126639.050][SEVERE]: Timed out receiving message from renderer: 0.100
[1587126639.155][SEVERE]: Timed out receiving message from renderer: 0.100
[1587126639.258][SEVERE]: Timed out receiving message from renderer: 0.100
[1587126639.361][SEVERE]: Timed out receiving message from renderer: 0.100
[1587126639.465][SEVERE]: Timed out receiving message from renderer: 0.100
[1587126639.570][SEVERE]: Timed out receiving message from renderer: 0.100
[1587126639.674][SEVERE]: Timed out receiving message from renderer: 0.100
[1587126639.779][SEVERE]: Timed out receiving message from renderer: 0.100
[1587126639.884][SEVERE]: Timed out receiving message from renderer: 0.100
[1587126639.989][SEVERE]: Timed out receiving message from renderer: 0.100
[1587126640.094][SEVERE]: Timed out receiving message from renderer: 0.100
[1587126640.198][SEVERE]: Timed out receiving message from renderer: 0.100
[1587126640.304][SEVERE]: Timed out receiving message from renderer: 0.100
[1587126640.411][SEVERE]: Timed out receiving message from renderer: 0.100
[1587126640.517][SEVERE]: Timed out receiving message from renderer: 0.100
[1587126640.619][SEVERE]: Timed out receiving message from renderer: 0.100
[1587126640.722][SEVERE]: Timed out receiving message from renderer: 0.100
[1587126640.824][SEVERE]: Timed out receiving message from renderer: 0.100
[1587126640.927][SEVERE]: Timed out receiving message from renderer: 0.100
[1587126641.029][SEVERE]: Timed out receiving message from renderer: 0.100
[1587126641.133][SEVERE]: Timed out receiving message from renderer: 0.100
[1587126641.238][SEVERE]: Timed out receiving message from renderer: 0.100
[1587126641.343][SEVERE]: Timed out receiving message from renderer: 0.100
[1587126641.448][SEVERE]: Timed out receiving message from renderer: 0.100
[1587126641.553][SEVERE]: Timed out receiving message from renderer: 0.100
[1587126641.657][SEVERE]: Timed out receiving message from renderer: 0.100
[1587126641.762][SEVERE]: Timed out receiving message from renderer: 0.100
[1587126641.868][SEVERE]: Timed out receiving message from renderer: 0.100
[1587126642.000][SEVERE]: Timed out receiving message from renderer: 0.100
[1587126642.109][SEVERE]: Timed out receiving message from renderer: 0.100
[1587126642.216][SEVERE]: Timed out receiving message from renderer: 0.100
</system-err>
  </testcase>
  <testcase classname="To check the Login functionality" name="Valid login" time="13.74"/>
</testsuite>